  % Total    % Received % Xferd  Average Speed   Time    Time     Time  Current
                                 Dload  Upload   Total   Spent    Left  Speed

  0     0    0     0    0     0      0      0 --:--:-- --:--:-- --:--:--     0
100   349    0     0  100   349      0    237  0:00:01  0:00:01 --:--:--   237
100   349    0     0  100   349      0    141  0:00:02  0:00:02 --:--:--   141
100   349    0     0  100   349      0    100  0:00:03  0:00:03 --:--:--   100
100  1096  100   747  100   349    187     87  0:00:04  0:00:03  0:00:01   275
100  1096  100   747  100   349    187     87  0:00:04  0:00:03  0:00:01   275
[{"@type":"currentStatus","statementText":"CREATE TABLE IF NOT EXISTS SALES_SUMMARY WITH (CLEANUP_POLICY='compact,delete', KAFKA_TOPIC='sales-summary', PARTITIONS=6, REPLICAS=3, RETENTION_MS=604800000, VALUE_FORMAT='JSON') AS SELECT\n  SALES_DATA.CATEGORY CATEGORY,\n  WINDOWSTART WINDOW_START,\n  WINDOWEND WINDOW_END,\n  SUM(SALES_DATA.QUANTITY) TOTAL_QUANTITY,\n  SUM((SALES_DATA.QUANTITY * SALES_DATA.PRICE)) TOTAL_REVENUE\nFROM SALES_DATA SALES_DATA\nWINDOW TUMBLING ( SIZE 1 MINUTES ) \nGROUP BY SALES_DATA.CATEGORY\nEMIT CHANGES;","commandId":"table/`SALES_SUMMARY`/create","commandStatus":{"status":"SUCCESS","message":"Created query with ID CTAS_SALES_SUMMARY_7","queryId":"CTAS_SALES_SUMMARY_7"},"commandSequenceNumber":8,"warnings":[]}]  % Total    % Received % Xferd  Average Speed   Time    Time     Time  Current
                                 Dload  Upload   Total   Spent    Left  Speed

  0     0    0     0    0     0      0      0 --:--:-- --:--:-- --:--:--     0
  0     0    0     0    0     0      0      0 --:--:-- --:--:-- --:--:--     0
100   386    0     0  100   386      0    263  0:00:01  0:00:01 --:--:--   263
100   386    0     0  100   386      0    156  0:00:02  0:00:02 --:--:--   156
100  1133  100   747  100   386    249    128  0:00:03  0:00:02  0:00:01   378
[{"@type":"currentStatus","statementText":"CREATE TABLE IF NOT EXISTS SALES_SUMMARY WITH (CLEANUP_POLICY='compact,delete', KAFKA_TOPIC='sales-summary', PARTITIONS=6, REPLICAS=3, RETENTION_MS=604800000, VALUE_FORMAT='JSON') AS SELECT\n  SALES_DATA.CATEGORY CATEGORY,\n  WINDOWSTART WINDOW_START,\n  WINDOWEND WINDOW_END,\n  SUM(SALES_DATA.QUANTITY) TOTAL_QUANTITY,\n  SUM((SALES_DATA.QUANTITY * SALES_DATA.PRICE)) TOTAL_REVENUE\nFROM SALES_DATA SALES_DATA\nWINDOW TUMBLING ( SIZE 1 MINUTES ) \nGROUP BY SALES_DATA.CATEGORY\nEMIT CHANGES;","commandId":"table/`SALES_SUMMARY`/create","commandStatus":{"status":"SUCCESS","message":"Created query with ID CTAS_SALES_SUMMARY_7","queryId":"CTAS_SALES_SUMMARY_7"},"commandSequenceNumber":8,"warnings":[]}]  % Total    % Received % Xferd  Average Speed   Time    Time     Time  Current
                                 Dload  Upload   Total   Spent    Left  Speed

  0     0    0     0    0     0      0      0 --:--:-- --:--:-- --:--:--     0
100   386    0     0  100   386      0    265  0:00:01  0:00:01 --:--:--   265
100   386    0     0  100   386      0    157  0:00:02  0:00:02 --:--:--   157
100   386    0     0  100   386      0    111  0:00:03  0:00:03 --:--:--   111
100  1133  100   747  100   386    187     96  0:00:04  0:00:03  0:00:01   284
100  1133  100   747  100   386    187     96  0:00:04  0:00:03  0:00:01   284
[{"@type":"currentStatus","statementText":"CREATE TABLE IF NOT EXISTS SALES_SUMMARY WITH (CLEANUP_POLICY='compact,delete', KAFKA_TOPIC='sales-summary', PARTITIONS=6, REPLICAS=3, RETENTION_MS=604800000, VALUE_FORMAT='JSON') AS SELECT\n  SALES_DATA.CATEGORY CATEGORY,\n  WINDOWSTART WINDOW_START,\n  WINDOWEND WINDOW_END,\n  SUM(SALES_DATA.QUANTITY) TOTAL_QUANTITY,\n  SUM((SALES_DATA.QUANTITY * SALES_DATA.PRICE)) TOTAL_REVENUE\nFROM SALES_DATA SALES_DATA\nWINDOW TUMBLING ( SIZE 1 MINUTES ) \nGROUP BY SALES_DATA.CATEGORY\nEMIT CHANGES;","commandId":"table/`SALES_SUMMARY`/create","commandStatus":{"status":"SUCCESS","message":"Created query with ID CTAS_SALES_SUMMARY_7","queryId":"CTAS_SALES_SUMMARY_7"},"commandSequenceNumber":8,"warnings":[]}]  % Total    % Received % Xferd  Average Speed   Time    Time     Time  Current
                                 Dload  Upload   Total   Spent    Left  Speed

  0     0    0     0    0     0      0      0 --:--:-- --:--:-- --:--:--     0
100   460    0     0  100   460      0   1012 --:--:-- --:--:-- --:--:--  1010
100  1006  100   546  100   460   1151    969 --:--:-- --:--:-- --:--:--  2117
{"@type":"statement_error","error_code":40001,"message":"line 1:383: Syntax Error\nSyntax error at or near '<EOF>' at line 1:383","statementText":"CREATE TABLE IF NOT EXISTS sales_summary WITH (KAFKA_TOPIC='sales-summary', VALUE_FORMAT='JSON', CLEANUP_POLICY = 'delete',  RETENTION_MS = 604800000  -- 7 días, opcional) AS SELECT category, WINDOWEND AS windowend, WINDOWSTART AS windowstart, SUM(quantity) AS total_quantity, SUM(quantity * price) AS total_revenue FROM sales_data WINDOW TUMBLING (SIZE 1 MINUTE) GROUP BY category;","entities":[]}  % Total    % Received % Xferd  Average Speed   Time    Time     Time  Current
                                 Dload  Upload   Total   Spent    Left  Speed

  0     0    0     0    0     0      0      0 --:--:-- --:--:-- --:--:--     0
  0     0    0     0    0     0      0      0 --:--:-- --:--:-- --:--:--     0
100   387    0     0  100   387      0    267  0:00:01  0:00:01 --:--:--   267
100   387    0     0  100   387      0    158  0:00:02  0:00:02 --:--:--   158
100  1134  100   747  100   387    279    144  0:00:02  0:00:02 --:--:--   424
[{"@type":"currentStatus","statementText":"CREATE TABLE IF NOT EXISTS SALES_SUMMARY WITH (CLEANUP_POLICY='compact,delete', KAFKA_TOPIC='sales-summary', PARTITIONS=6, REPLICAS=3, RETENTION_MS=604800000, VALUE_FORMAT='JSON') AS SELECT\n  SALES_DATA.CATEGORY CATEGORY,\n  WINDOWEND WINDOW_END,\n  WINDOWSTART WINDOW_START,\n  SUM(SALES_DATA.QUANTITY) TOTAL_QUANTITY,\n  SUM((SALES_DATA.QUANTITY * SALES_DATA.PRICE)) TOTAL_REVENUE\nFROM SALES_DATA SALES_DATA\nWINDOW TUMBLING ( SIZE 1 MINUTES ) \nGROUP BY SALES_DATA.CATEGORY\nEMIT CHANGES;","commandId":"table/`SALES_SUMMARY`/create","commandStatus":{"status":"SUCCESS","message":"Created query with ID CTAS_SALES_SUMMARY_7","queryId":"CTAS_SALES_SUMMARY_7"},"commandSequenceNumber":8,"warnings":[]}]  % Total    % Received % Xferd  Average Speed   Time    Time     Time  Current
                                 Dload  Upload   Total   Spent    Left  Speed

  0     0    0     0    0     0      0      0 --:--:-- --:--:-- --:--:--     0
  0     0    0     0    0     0      0      0 --:--:-- --:--:-- --:--:--     0
100   387    0     0  100   387      0    265  0:00:01  0:00:01 --:--:--   265
100  1134  100   747  100   387    306    158  0:00:02  0:00:02 --:--:--   464
100  1134  100   747  100   387    306    158  0:00:02  0:00:02 --:--:--   464
[{"@type":"currentStatus","statementText":"CREATE TABLE IF NOT EXISTS SALES_SUMMARY WITH (CLEANUP_POLICY='compact,delete', KAFKA_TOPIC='sales-summary', PARTITIONS=6, REPLICAS=3, RETENTION_MS=604800000, VALUE_FORMAT='JSON') AS SELECT\n  SALES_DATA.CATEGORY CATEGORY,\n  WINDOWEND WINDOW_END,\n  WINDOWSTART WINDOW_START,\n  SUM(SALES_DATA.QUANTITY) TOTAL_QUANTITY,\n  SUM((SALES_DATA.QUANTITY * SALES_DATA.PRICE)) TOTAL_REVENUE\nFROM SALES_DATA SALES_DATA\nWINDOW TUMBLING ( SIZE 1 MINUTES ) \nGROUP BY SALES_DATA.CATEGORY\nEMIT CHANGES;","commandId":"table/`SALES_SUMMARY`/create","commandStatus":{"status":"SUCCESS","message":"Created query with ID CTAS_SALES_SUMMARY_7","queryId":"CTAS_SALES_SUMMARY_7"},"commandSequenceNumber":8,"warnings":[]}]